INFO - 2023-09-11 03:19:13 --> Session: Class initialized using 'CodeIgniter\Session\Handlers\FileHandler' driver.
INFO - 2023-09-11 03:19:30 --> Session: Class initialized using 'CodeIgniter\Session\Handlers\FileHandler' driver.
INFO - 2023-09-11 03:19:36 --> Session: Class initialized using 'CodeIgniter\Session\Handlers\FileHandler' driver.
INFO - 2023-09-11 03:19:38 --> Session: Class initialized using 'CodeIgniter\Session\Handlers\FileHandler' driver.
INFO - 2023-09-11 03:19:48 --> Session: Class initialized using 'CodeIgniter\Session\Handlers\FileHandler' driver.
CRITICAL - 2023-09-11 21:14:57 --> Too few arguments to function CodeIgniter\Router\RouteCollection::get(), 1 passed in C:\xampp\htdocs\primer_proyecto\app\Config\Routes.php on line 44 and at least 2 expected
in SYSTEMPATH\Router\RouteCollection.php on line 919.
 1 APPPATH\Config\Routes.php(44): CodeIgniter\Router\RouteCollection->get('Login_controller')
 2 SYSTEMPATH\Router\RouteCollection.php(267): require('C:\\xampp\\htdocs\\primer_proyecto\\app\\Config\\Routes.php')
 3 SYSTEMPATH\CodeIgniter.php(800): CodeIgniter\Router\RouteCollection->loadRoutes()
 4 SYSTEMPATH\CodeIgniter.php(447): CodeIgniter\CodeIgniter->tryToRouteIt(null)
 5 SYSTEMPATH\CodeIgniter.php(366): CodeIgniter\CodeIgniter->handleRequest(null, Object(Config\Cache), false)
 6 FCPATH\index.php(67): CodeIgniter\CodeIgniter->run()
CRITICAL - 2023-09-11 21:15:44 --> Too few arguments to function CodeIgniter\Router\RouteCollection::get(), 1 passed in C:\xampp\htdocs\primer_proyecto\app\Config\Routes.php on line 44 and at least 2 expected
in SYSTEMPATH\Router\RouteCollection.php on line 919.
 1 APPPATH\Config\Routes.php(44): CodeIgniter\Router\RouteCollection->get('Login_controller')
 2 SYSTEMPATH\Router\RouteCollection.php(267): require('C:\\xampp\\htdocs\\primer_proyecto\\app\\Config\\Routes.php')
 3 SYSTEMPATH\CodeIgniter.php(800): CodeIgniter\Router\RouteCollection->loadRoutes()
 4 SYSTEMPATH\CodeIgniter.php(447): CodeIgniter\CodeIgniter->tryToRouteIt(null)
 5 SYSTEMPATH\CodeIgniter.php(366): CodeIgniter\CodeIgniter->handleRequest(null, Object(Config\Cache), false)
 6 FCPATH\index.php(67): CodeIgniter\CodeIgniter->run()
